#
# There is insufficient memory for the Java Runtime Environment to continue.
# Native memory allocation (mmap) failed to map 134217728 bytes for G1 virtual space
# Possible reasons:
#   The system is out of physical RAM or swap space
#   The process is running with CompressedOops enabled, and the Java Heap may be blocking the growth of the native heap
# Possible solutions:
#   Reduce memory load on the system
#   Increase physical memory or swap space
#   Check if swap backing store is full
#   Decrease Java heap size (-Xmx/-Xms)
#   Decrease number of Java threads
#   Decrease Java thread stack sizes (-Xss)
#   Set larger code cache with -XX:ReservedCodeCacheSize=
#   JVM is running with Unscaled Compressed Oops mode in which the Java heap is
#     placed in the first 4GB address space. The Java Heap base address is the
#     maximum limit for the native heap growth. Please use -XX:HeapBaseMinAddress
#     to set the Java Heap base and to place the Java Heap above 4GB virtual address.
# This output file may be truncated or incomplete.
#
#  Out of Memory Error (./open/src/hotspot/os/windows/os_windows.cpp:3321), pid=10356, tid=16560
#
# JRE version:  (15.0.2+7) (build )
# Java VM: OpenJDK 64-Bit Server VM (15.0.2+7-27, mixed mode, sharing, tiered, compressed oops, g1 gc, windows-amd64)
# No core dump will be written. Minidumps are not enabled by default on client versions of Windows
#

---------------  S U M M A R Y ------------

Command Line: -Dfile.encoding=UTF-8 -XX:+ShowCodeDetailsInExceptionMessages fl.ui.mainUI

Host: Intel(R) Core(TM) i5-8250U CPU @ 1.60GHz, 8 cores, 7G,  Windows 10 , 64 bit Build 19041 (10.0.19041.804)
Time: Sun May  9 21:15:34 2021 中国标准时间 elapsed time: 0.011552 seconds (0d 0h 0m 0s)

---------------  T H R E A D  ---------------

Current thread (0x00000138a8ab11e0):  JavaThread "Unknown thread" [_thread_in_vm, id=16560, stack(0x0000002070000000,0x0000002070100000)]

Stack: [0x0000002070000000,0x0000002070100000]
Native frames: (J=compiled Java code, j=interpreted, Vv=VM code, C=native code)
V  [jvm.dll+0x62ae9a]
V  [jvm.dll+0x7817a9]
V  [jvm.dll+0x782f03]
V  [jvm.dll+0x783563]
V  [jvm.dll+0x216325]
V  [jvm.dll+0x6281d9]
V  [jvm.dll+0x61cf55]
V  [jvm.dll+0x2cffdd]
V  [jvm.dll+0x2cfe42]
V  [jvm.dll+0x2d5e1c]
V  [jvm.dll+0x32590a]
V  [jvm.dll+0x324fd4]
V  [jvm.dll+0x2a6f5a]
V  [jvm.dll+0x2a80f8]
V  [jvm.dll+0x75e241]
V  [jvm.dll+0x3341c4]
V  [jvm.dll+0x73e926]
V  [jvm.dll+0x3b7557]
V  [jvm.dll+0x3b8fe1]
C  [jli.dll+0x52fb]
C  [ucrtbase.dll+0x21bb2]
C  [KERNEL32.DLL+0x17034]
C  [ntdll.dll+0x52651]


---------------  P R O C E S S  ---------------

Threads class SMR info:
_java_thread_list=0x00007fff79844ff0, length=0, elements={
}

Java Threads: ( => current thread )

Other Threads:
  0x00000138a8af3090 GCTaskThread "GC Thread#0" [stack: 0x0000002070100000,0x0000002070200000] [id=26392]
  0x00000138a8b04fb0 ConcurrentGCThread "G1 Main Marker" [stack: 0x0000002070200000,0x0000002070300000] [id=26388]
  0x00000138a8b073d0 ConcurrentGCThread "G1 Conc#0" [stack: 0x0000002070300000,0x0000002070400000] [id=22928]

[error occurred during error reporting (printing all threads), id 0xc0000005, EXCEPTION_ACCESS_VIOLATION (0xc0000005) at pc=0x00007fff79037e27]

VM state: not at safepoint (not fully initialized)

VM Mutex/Monitor currently owned by a thread:  ([mutex/lock_event])
[0x00000138a8a9c6e0] Heap_lock - owner thread: 0x00000138a8ab11e0

Heap address: 0x0000000081a00000, size: 2022 MB, Compressed Oops mode: 32-bit
CDS archive(s) mapped at: [0x0000000000000000-0x0000000000000000-0x0000000000000000), size 0, SharedBaseAddress: 0x0000000800000000, ArchiveRelocationMode: 0.
Narrow klass base: 0x0000000000000000, Narrow klass shift: 0, Narrow klass range: 0x0

Heap:
 garbage-first heap   total 131072K, used 0K [0x0000000081a00000, 0x0000000100000000)
  region size 1024K, 0 young (0K), 0 survivors (0K)
 Metaspace       used 0K, capacity 0K, committed 0K, reserved 0K
  class space    used 0K, capacity 0K, committed 0K, reserved 0K

Heap Regions: E=young(eden), S=young(survivor), O=old, HS=humongous(starts), HC=humongous(continues), CS=collection set, F=free, OA=open archive, CA=closed archive, TAMS=top-at-mark-start (previous, next)

Card table byte_map: [0x00000138bbc00000,0x00000138bc000000] _byte_map_base: 0x00000138bb7f3000

Marking Bits (Prev, Next): (CMBitMap*) 0x00000138a8af3880, (CMBitMap*) 0x00000138a8af38c0
 Prev Bits: [0x00000138bc400000, 0x00000138be398000)
 Next Bits: [0x00000138be3a0000, 0x00000138c0338000)

GC Heap History (0 events):
No events

Deoptimization events (0 events):
No events

Classes unloaded (0 events):
No events

Classes redefined (0 events):
No events

Internal exceptions (0 events):
No events

Events (1 events):
Event: 0.006 Loaded shared library C:\Users\胖河马\Desktop\eclipse\plugins\org.eclipse.justj.openjdk.hotspot.jre.full.win32.x86_64_15.0.2.v20210201-0955\jre\bin\java.dll


Dynamic libraries:
0x00007ff72ef90000 - 0x00007ff72ef9d000 	C:\Users\胖河马\Desktop\eclipse\plugins\org.eclipse.justj.openjdk.hotspot.jre.full.win32.x86_64_15.0.2.v20210201-0955\jre\bin\javaw.exe
0x00007fffc5530000 - 0x00007fffc5725000 	C:\WINDOWS\SYSTEM32\ntdll.dll
0x00007fffc3c90000 - 0x00007fffc3d4d000 	C:\WINDOWS\System32\KERNEL32.DLL
0x00007fffc2c70000 - 0x00007fffc2f39000 	C:\WINDOWS\System32\KERNELBASE.dll
0x00007fffc2f40000 - 0x00007fffc3040000 	C:\WINDOWS\System32\ucrtbase.dll
0x00007fffba490000 - 0x00007fffba4a8000 	C:\Users\胖河马\Desktop\eclipse\plugins\org.eclipse.justj.openjdk.hotspot.jre.full.win32.x86_64_15.0.2.v20210201-0955\jre\bin\jli.dll
0x00007fffba4b0000 - 0x00007fffba4c9000 	C:\Users\胖河马\Desktop\eclipse\plugins\org.eclipse.justj.openjdk.hotspot.jre.full.win32.x86_64_15.0.2.v20210201-0955\jre\bin\VCRUNTIME140.dll
0x00007fffc3ec0000 - 0x00007fffc4060000 	C:\WINDOWS\System32\USER32.dll
0x00007fffc33d0000 - 0x00007fffc33f2000 	C:\WINDOWS\System32\win32u.dll
0x00007fffb75c0000 - 0x00007fffb785a000 	C:\WINDOWS\WinSxS\amd64_microsoft.windows.common-controls_6595b64144ccf1df_6.0.19041.844_none_ca00b6081b84eb1d\COMCTL32.dll
0x00007fffc47a0000 - 0x00007fffc47ca000 	C:\WINDOWS\System32\GDI32.dll
0x00007fffc32c0000 - 0x00007fffc33cb000 	C:\WINDOWS\System32\gdi32full.dll
0x00007fffc4300000 - 0x00007fffc439e000 	C:\WINDOWS\System32\msvcrt.dll
0x00007fffc3110000 - 0x00007fffc31ad000 	C:\WINDOWS\System32\msvcp_win.dll
0x00007fffc3e90000 - 0x00007fffc3ec0000 	C:\WINDOWS\System32\IMM32.DLL
0x00007fffa2350000 - 0x00007fffa235c000 	C:\Users\胖河马\Desktop\eclipse\plugins\org.eclipse.justj.openjdk.hotspot.jre.full.win32.x86_64_15.0.2.v20210201-0955\jre\bin\vcruntime140_1.dll
0x00007fffa22b0000 - 0x00007fffa2341000 	C:\Users\胖河马\Desktop\eclipse\plugins\org.eclipse.justj.openjdk.hotspot.jre.full.win32.x86_64_15.0.2.v20210201-0955\jre\bin\msvcp140.dll
0x00007fff78d80000 - 0x00007fff798de000 	C:\Users\胖河马\Desktop\eclipse\plugins\org.eclipse.justj.openjdk.hotspot.jre.full.win32.x86_64_15.0.2.v20210201-0955\jre\bin\server\jvm.dll
0x00007fffc4070000 - 0x00007fffc411c000 	C:\WINDOWS\System32\ADVAPI32.dll
0x00007fffc4190000 - 0x00007fffc422c000 	C:\WINDOWS\System32\sechost.dll
0x00007fffc4550000 - 0x00007fffc467b000 	C:\WINDOWS\System32\RPCRT4.dll
0x00007fffc5480000 - 0x00007fffc5488000 	C:\WINDOWS\System32\PSAPI.DLL
0x00007fffa8480000 - 0x00007fffa8489000 	C:\WINDOWS\SYSTEM32\WSOCK32.dll
0x00007fffb87d0000 - 0x00007fffb87f7000 	C:\WINDOWS\SYSTEM32\WINMM.dll
0x00007fffbb1f0000 - 0x00007fffbb1fa000 	C:\WINDOWS\SYSTEM32\VERSION.dll
0x00007fffc4120000 - 0x00007fffc418b000 	C:\WINDOWS\System32\WS2_32.dll
0x00007fffc1550000 - 0x00007fffc1562000 	C:\WINDOWS\SYSTEM32\kernel.appcore.dll
0x00007fffbba60000 - 0x00007fffbba6a000 	C:\Users\胖河马\Desktop\eclipse\plugins\org.eclipse.justj.openjdk.hotspot.jre.full.win32.x86_64_15.0.2.v20210201-0955\jre\bin\jimage.dll
0x00007fffc0ae0000 - 0x00007fffc0cc4000 	C:\WINDOWS\SYSTEM32\DBGHELP.DLL
0x00007fffbe1a0000 - 0x00007fffbe1cc000 	C:\WINDOWS\SYSTEM32\dbgcore.DLL
0x00007fffc3040000 - 0x00007fffc30c0000 	C:\WINDOWS\System32\bcryptPrimitives.dll
0x00007fff9a980000 - 0x00007fff9a9a5000 	C:\Users\胖河马\Desktop\eclipse\plugins\org.eclipse.justj.openjdk.hotspot.jre.full.win32.x86_64_15.0.2.v20210201-0955\jre\bin\java.dll

dbghelp: loaded successfully - version: 4.0.5 - missing functions: none
symbol engine: initialized successfully - sym options: 0x614 - pdb path: .;C:\Users\胖河马\Desktop\eclipse\plugins\org.eclipse.justj.openjdk.hotspot.jre.full.win32.x86_64_15.0.2.v20210201-0955\jre\bin;C:\WINDOWS\SYSTEM32;C:\WINDOWS\WinSxS\amd64_microsoft.windows.common-controls_6595b64144ccf1df_6.0.19041.844_none_ca00b6081b84eb1d;C:\Users\胖河马\Desktop\eclipse\plugins\org.eclipse.justj.openjdk.hotspot.jre.full.win32.x86_64_15.0.2.v20210201-0955\jre\bin\;C:\Users\胖河马\Desktop\eclipse\plugins\org.eclipse.justj.openjdk.hotspot.jre.full.win32.x86_64_15.0.2.v20210201-0955\jre\b

VM Arguments:
jvm_args: -Dfile.encoding=UTF-8 -XX:+ShowCodeDetailsInExceptionMessages 
java_command: fl.ui.mainUI
java_class_path (initial): D:\eclipse-workspace\multilocation_vUI\target\classes;C:\Users\胖河马\Desktop\eclipse\plugins\org.junit_4.13.0.v20200204-1500.jar;C:\Users\胖河马\Desktop\eclipse\plugins\org.hamcrest.core_1.3.0.v20180420-1519.jar;C:\Users\胖河马\.m2\repository\net\sourceforge\jexcelapi\jxl\2.6.12\jxl-2.6.12.jar;C:\Users\胖河马\.m2\repository\log4j\log4j\1.2.14\log4j-1.2.14.jar;C:\Users\胖河马\.m2\repository\org\jacoco\org.jacoco.core\0.8.3\org.jacoco.core-0.8.3.jar;C:\Users\胖河马\.m2\repository\org\ow2\asm\asm\7.0\asm-7.0.jar;C:\Users\胖河马\.m2\repository\org\ow2\asm\asm-commons\7.0\asm-commons-7.0.jar;C:\Users\胖河马\.m2\repository\org\ow2\asm\asm-analysis\7.0\asm-analysis-7.0.jar;C:\Users\胖河马\.m2\repository\org\ow2\asm\asm-tree\7.0\asm-tree-7.0.jar
Launcher Type: SUN_STANDARD

[Global flags]
     intx CICompilerCount                          = 4                                         {product} {ergonomic}
     uint ConcGCThreads                            = 2                                         {product} {ergonomic}
     uint G1ConcRefinementThreads                  = 8                                         {product} {ergonomic}
   size_t G1HeapRegionSize                         = 1048576                                   {product} {ergonomic}
    uintx GCDrainStackTargetSize                   = 64                                        {product} {ergonomic}
   size_t InitialHeapSize                          = 134217728                                 {product} {ergonomic}
   size_t MarkStackSize                            = 4194304                                   {product} {ergonomic}
   size_t MaxHeapSize                              = 2120220672                                {product} {ergonomic}
   size_t MinHeapDeltaBytes                        = 1048576                                   {product} {ergonomic}
   size_t MinHeapSize                              = 8388608                                   {product} {ergonomic}
    uintx NonNMethodCodeHeapSize                   = 5839372                                {pd product} {ergonomic}
    uintx NonProfiledCodeHeapSize                  = 122909434                              {pd product} {ergonomic}
    uintx ProfiledCodeHeapSize                     = 122909434                              {pd product} {ergonomic}
    uintx ReservedCodeCacheSize                    = 251658240                              {pd product} {ergonomic}
     bool SegmentedCodeCache                       = true                                      {product} {ergonomic}
     bool ShowCodeDetailsInExceptionMessages       = true                                   {manageable} {command line}
   size_t SoftMaxHeapSize                          = 2120220672                             {manageable} {ergonomic}
     bool UseCompressedClassPointers               = true                                 {lp64_product} {ergonomic}
     bool UseCompressedOops                        = true                                 {lp64_product} {ergonomic}
     bool UseG1GC                                  = true                                      {product} {ergonomic}
     bool UseLargePagesIndividualAllocation        = false                                  {pd product} {ergonomic}

Logging:
Log output configuration:
 #0: stdout all=warning uptime,level,tags
 #1: stderr all=off uptime,level,tags

Environment Variables:
JAVA_HOME=C:\Program Files\Java\jdk-11.0.9
PATH=C:/Users/胖河马/Desktop/eclipse//plugins/org.eclipse.justj.openjdk.hotspot.jre.full.win32.x86_64_15.0.2.v20210201-0955/jre/bin/server;C:/Users/胖河马/Desktop/eclipse//plugins/org.eclipse.justj.openjdk.hotspot.jre.full.win32.x86_64_15.0.2.v20210201-0955/jre/bin;C:\Program Files\Java\jdk-11.0.9\bin;C:\Program Files\Common Files\Oracle\Java\javapath;C:\Program Files\Intel\Intel(R) Management Engine Components\iCLS\;C:\WINDOWS\system32;C:\WINDOWS;C:\WINDOWS\System32\Wbem;C:\WINDOWS\System32\WindowsPowerShell\v1.0\;C:\WINDOWS\System32\OpenSSH\;C:\Program Files\Intel\WiFi\bin\;C:\Program Files\Common Files\Intel\WirelessCommon\;C:\Program Files\mingw64\bin;c:\Program Files (x86)\Intel\Intel(R) Management Engine Components\DAL;c:\Program Files\Intel\Intel(R) Management Engine Components\DAL;D:\maven\apache-maven-3.8.1\bin;C:\Users\胖河马\AppData\Local\Microsoft\WindowsApps;C:\Program Files\Bandizip\;C:\Users\胖河马\AppData\Local\Programs\Microsoft VS Code\bin;;C:\Users\胖河马\Desktop\eclipse;
USERNAME=胖河马
OS=Windows_NT
PROCESSOR_IDENTIFIER=Intel64 Family 6 Model 142 Stepping 10, GenuineIntel



---------------  S Y S T E M  ---------------

OS:
 Windows 10 , 64 bit Build 19041 (10.0.19041.804)
OS uptime: 1 days 23:14 hours

CPU: total 8 (initial active 8) (4 cores per cpu, 2 threads per core) family 6 model 142 stepping 10 microcode 0xca, cmov, cx8, fxsr, mmx, sse, sse2, sse3, ssse3, sse4.1, sse4.2, popcnt, vzeroupper, avx, avx2, aes, clmul, erms, 3dnowpref, lzcnt, ht, tsc, tscinvbit, bmi1, bmi2, adx, fma, clflush, clflushopt

Memory: 4k page, system-wide physical 8087M (781M free)
TotalPageFile size 28227M (AvailPageFile size 57M)
current process WorkingSet (physical memory assigned to process): 10M, peak: 10M
current process commit charge ("private bytes"): 60M, peak: 188M

vm_info: OpenJDK 64-Bit Server VM (15.0.2+7-27) for windows-amd64 JRE (15.0.2+7-27), built on Dec  7 2020 20:02:38 by "mach5one" with unknown MS VC++:1925

END.
